[0520/163051.925:ERROR:process_memory_win.cc(73)] ReadMemory at 0x7ff6a0f20000 of 64 bytes failed: Only part of a ReadProcessMemory or WriteProcessMemory request was completed. (0x12B)
[0520/163051.927:WARNING:pe_image_reader.cc(340)] could not read dos header from C:\Program Files (x86)\Google\Chrome\Application\chrome.exe
[0520/163051.927:ERROR:process_memory_win.cc(73)] ReadMemory at 0x7ffbf34c0000 of 64 bytes failed: Only part of a ReadProcessMemory or WriteProcessMemory request was completed. (0x12B)
[0520/163051.927:WARNING:pe_image_reader.cc(340)] could not read dos header from C:\WINDOWS\SYSTEM32\ntdll.dll
[0520/163051.928:ERROR:process_memory_win.cc(73)] ReadMemory at 0x7ffbf1d10000 of 64 bytes failed: Only part of a ReadProcessMemory or WriteProcessMemory request was completed. (0x12B)
[0520/163051.928:WARNING:pe_image_reader.cc(340)] could not read dos header from C:\WINDOWS\System32\KERNEL32.DLL
[0520/163051.928:ERROR:process_memory_win.cc(73)] ReadMemory at 0x7ffbf0470000 of 64 bytes failed: Only part of a ReadProcessMemory or WriteProcessMemory request was completed. (0x12B)
[0520/163051.928:WARNING:pe_image_reader.cc(340)] could not read dos header from C:\WINDOWS\System32\KERNELBASE.dll
[0520/163051.928:ERROR:process_memory_win.cc(73)] ReadMemory at 0x7ffbc5000000 of 64 bytes failed: Only part of a ReadProcessMemory or WriteProcessMemory request was completed. (0x12B)
[0520/163051.928:WARNING:pe_image_reader.cc(340)] could not read dos header from C:\Program Files (x86)\Google\Chrome\Application\81.0.4044.138\chrome_elf.dll
[0520/163051.928:ERROR:process_memory_win.cc(73)] ReadMemory at 0x7ffbe7610000 of 64 bytes failed: Only part of a ReadProcessMemory or WriteProcessMemory request was completed. (0x12B)
[0520/163051.928:WARNING:pe_image_reader.cc(340)] could not read dos header from C:\WINDOWS\SYSTEM32\VERSION.dll
[0520/163051.928:ERROR:process_memory_win.cc(73)] ReadMemory at 0x282be840000 of 64 bytes failed: Only part of a ReadProcessMemory or WriteProcessMemory request was completed. (0x12B)
[0520/163051.928:WARNING:pe_image_reader.cc(340)] could not read dos header from C:\WINDOWS\System32\msvcrt.dll
[0520/163051.928:ERROR:process_memory_win.cc(73)] ReadMemory at 0x7ffbf0d70000 of 64 bytes failed: Only part of a ReadProcessMemory or WriteProcessMemory request was completed. (0x12B)
[0520/163051.928:WARNING:pe_image_reader.cc(340)] could not read dos header from C:\WINDOWS\System32\bcryptPrimitives.dll
[0520/163051.928:ERROR:process_memory_win.cc(73)] ReadMemory at 0x7ffbf1b20000 of 64 bytes failed: Only part of a ReadProcessMemory or WriteProcessMemory request was completed. (0x12B)
[0520/163051.928:WARNING:pe_image_reader.cc(340)] could not read dos header from C:\WINDOWS\System32\ADVAPI32.dll
[0520/163051.928:ERROR:process_memory_win.cc(73)] ReadMemory at 0x7ffbf2fa0000 of 64 bytes failed: Only part of a ReadProcessMemory or WriteProcessMemory request was completed. (0x12B)
[0520/163051.928:WARNING:pe_image_reader.cc(340)] could not read dos header from C:\WINDOWS\System32\sechost.dll
[0520/163051.928:ERROR:process_memory_win.cc(73)] ReadMemory at 0x7ffbf1950000 of 64 bytes failed: Only part of a ReadProcessMemory or WriteProcessMemory request was completed. (0x12B)
[0520/163051.928:WARNING:pe_image_reader.cc(340)] could not read dos header from C:\WINDOWS\System32\RPCRT4.dll
[0520/163051.929:ERROR:process_memory_win.cc(73)] ReadMemory at 0x7ffb8e8f0000 of 64 bytes failed: Only part of a ReadProcessMemory or WriteProcessMemory request was completed. (0x12B)
[0520/163051.929:WARNING:pe_image_reader.cc(340)] could not read dos header from C:\Program Files (x86)\Google\Chrome\Application\81.0.4044.138\chrome.dll
[0520/163051.929:ERROR:process_memory_win.cc(73)] ReadMemory at 0x7ffbf1e80000 of 64 bytes failed: Only part of a ReadProcessMemory or WriteProcessMemory request was completed. (0x12B)
[0520/163051.929:WARNING:pe_image_reader.cc(340)] could not read dos header from C:\WINDOWS\System32\WS2_32.dll
[0520/163051.929:ERROR:process_memory_win.cc(73)] ReadMemory at 0x7ffbf3150000 of 64 bytes failed: Only part of a ReadProcessMemory or WriteProcessMemory request was completed. (0x12B)
[0520/163051.929:WARNING:pe_image_reader.cc(340)] could not read dos header from C:\WINDOWS\System32\OLEAUT32.dll
[0520/163051.929:ERROR:process_memory_win.cc(73)] ReadMemory at 0x7ffbf0750000 of 64 bytes failed: Only part of a ReadProcessMemory or WriteProcessMemory request was completed. (0x12B)
[0520/163051.929:WARNING:pe_image_reader.cc(340)] could not read dos header from C:\WINDOWS\System32\msvcp_win.dll
[0520/163051.929:ERROR:process_memory_win.cc(73)] ReadMemory at 0x7ffbf09e0000 of 64 bytes failed: Only part of a ReadProcessMemory or WriteProcessMemory request was completed. (0x12B)
[0520/163051.929:WARNING:pe_image_reader.cc(340)] could not read dos header from C:\WINDOWS\System32\ucrtbase.dll
[0520/163051.929:ERROR:process_memory_win.cc(73)] ReadMemory at 0x7ffbf1570000 of 64 bytes failed: Only part of a ReadProcessMemory or WriteProcessMemory request was completed. (0x12B)
[0520/163051.929:WARNING:pe_image_reader.cc(340)] could not read dos header from C:\WINDOWS\System32\combase.dll
[0520/163051.929:ERROR:process_memory_win.cc(73)] ReadMemory at 0x7ffbf0ae0000 of 64 bytes failed: Only part of a ReadProcessMemory or WriteProcessMemory request was completed. (0x12B)
[0520/163051.929:WARNING:pe_image_reader.cc(340)] could not read dos header from C:\WINDOWS\System32\WINTRUST.dll
[0520/163051.929:ERROR:process_memory_win.cc(73)] ReadMemory at 0x7ffbf0390000 of 64 bytes failed: Only part of a ReadProcessMemory or WriteProcessMemory request was completed. (0x12B)
[0520/163051.929:WARNING:pe_image_reader.cc(340)] could not read dos header from C:\WINDOWS\System32\MSASN1.dll
[0520/163051.929:ERROR:process_memory_win.cc(73)] ReadMemory at 0x7ffbf0b40000 of 64 bytes failed: Only part of a ReadProcessMemory or WriteProcessMemory request was completed. (0x12B)
[0520/163051.929:WARNING:pe_image_reader.cc(340)] could not read dos header from C:\WINDOWS\System32\CRYPT32.dll
[0520/163051.929:ERROR:process_memory_win.cc(73)] ReadMemory at 0x7ffbef860000 of 64 bytes failed: Only part of a ReadProcessMemory or WriteProcessMemory request was completed. (0x12B)
[0520/163051.929:WARNING:pe_image_reader.cc(340)] could not read dos header from C:\WINDOWS\SYSTEM32\IPHLPAPI.DLL
[0520/163051.929:ERROR:process_memory_win.cc(73)] ReadMemory at 0x7ffbee400000 of 64 bytes failed: Only part of a ReadProcessMemory or WriteProcessMemory request was completed. (0x12B)
[0520/163051.929:WARNING:pe_image_reader.cc(340)] could not read dos header from C:\WINDOWS\SYSTEM32\WINMM.dll
[0520/163051.929:ERROR:process_memory_win.cc(73)] ReadMemory at 0x7ffbe43c0000 of 64 bytes failed: Only part of a ReadProcessMemory or WriteProcessMemory request was completed. (0x12B)
[0520/163051.929:WARNING:pe_image_reader.cc(340)] could not read dos header from C:\WINDOWS\SYSTEM32\Secur32.dll
[0520/163051.929:ERROR:process_memory_win.cc(73)] ReadMemory at 0x7ffbf0270000 of 64 bytes failed: Only part of a ReadProcessMemory or WriteProcessMemory request was completed. (0x12B)
[0520/163051.929:WARNING:pe_image_reader.cc(340)] could not read dos header from C:\WINDOWS\SYSTEM32\USERENV.dll
[0520/163051.929:ERROR:process_memory_win.cc(73)] ReadMemory at 0x7ffbf0420000 of 64 bytes failed: Only part of a ReadProcessMemory or WriteProcessMemory request was completed. (0x12B)
[0520/163051.929:WARNING:pe_image_reader.cc(340)] could not read dos header from C:\WINDOWS\System32\profapi.dll
[0520/163051.929:ERROR:process_memory_win.cc(73)] ReadMemory at 0x7ffbca8c0000 of 64 bytes failed: Only part of a ReadProcessMemory or WriteProcessMemory request was completed. (0x12B)
[0520/163051.929:WARNING:pe_image_reader.cc(340)] could not read dos header from C:\WINDOWS\SYSTEM32\UIAutomationCore.DLL
[0520/163051.929:ERROR:process_memory_win.cc(73)] ReadMemory at 0x7ffbdb210000 of 64 bytes failed: Only part of a ReadProcessMemory or WriteProcessMemory request was completed. (0x12B)
[0520/163051.929:WARNING:pe_image_reader.cc(340)] could not read dos header from C:\WINDOWS\SYSTEM32\DWrite.dll
[0520/163051.930:ERROR:process_memory_win.cc(73)] ReadMemory at 0x7ffbe71b0000 of 64 bytes failed: Only part of a ReadProcessMemory or WriteProcessMemory request was completed. (0x12B)
[0520/163051.930:WARNING:pe_image_reader.cc(340)] could not read dos header from C:\WINDOWS\SYSTEM32\WINSPOOL.DRV
[0520/163051.930:ERROR:process_memory_win.cc(73)] ReadMemory at 0x7ffbf03b0000 of 64 bytes failed: Only part of a ReadProcessMemory or WriteProcessMemory request was completed. (0x12B)
[0520/163051.930:WARNING:pe_image_reader.cc(340)] could not read dos header from C:\WINDOWS\System32\kernel.appcore.dll
[0520/163051.930:ERROR:process_memory_win.cc(73)] ReadMemory at 0x7ffbf0d40000 of 64 bytes failed: Only part of a ReadProcessMemory or WriteProcessMemory request was completed. (0x12B)
[0520/163051.930:WARNING:pe_image_reader.cc(340)] could not read dos header from C:\WINDOWS\System32\bcrypt.dll
[0520/163051.930:ERROR:process_memory_win.cc(73)] ReadMemory at 0x7ffbda640000 of 64 bytes failed: Only part of a ReadProcessMemory or WriteProcessMemory request was completed. (0x12B)
[0520/163051.930:WARNING:pe_image_reader.cc(340)] could not read dos header from C:\WINDOWS\SYSTEM32\dbghelp.dll
[0520/163051.930:ERROR:process_memory_win.cc(73)] ReadMemory at 0x7ffbead90000 of 64 bytes failed: Only part of a ReadProcessMemory or WriteProcessMemory request was completed. (0x12B)
[0520/163051.930:WARNING:pe_image_reader.cc(340)] could not read dos header from C:\WINDOWS\SYSTEM32\WINHTTP.dll
[0520/163051.930:ERROR:process_memory_win.cc(73)] ReadMemory at 0x7ffbea460000 of 64 bytes failed: Only part of a ReadProcessMemory or WriteProcessMemory request was completed. (0x12B)
[0520/163051.930:WARNING:pe_image_reader.cc(340)] could not read dos header from C:\WINDOWS\SYSTEM32\dhcpcsvc.DLL
[0520/163051.930:ERROR:process_memory_win.cc(73)] ReadMemory at 0x7ffbf3350000 of 64 bytes failed: Only part of a ReadProcessMemory or WriteProcessMemory request was completed. (0x12B)
[0520/163051.930:WARNING:pe_image_reader.cc(340)] could not read dos header from C:\WINDOWS\System32\NSI.dll
[0520/163051.930:ERROR:process_memory_win.cc(73)] ReadMemory at 0x7ffbee3d0000 of 64 bytes failed: Only part of a ReadProcessMemory or WriteProcessMemory request was completed. (0x12B)
[0520/163051.930:WARNING:pe_image_reader.cc(340)] could not read dos header from C:\WINDOWS\SYSTEM32\WINMMBASE.dll
[0520/163051.930:ERROR:process_memory_win.cc(73)] ReadMemory at 0x7ffbf07f0000 of 64 bytes failed: Only part of a ReadProcessMemory or WriteProcessMemory request was completed. (0x12B)
[0520/163051.930:WARNING:pe_image_reader.cc(340)] could not read dos header from C:\WINDOWS\System32\cfgmgr32.dll
[0520/163051.930:ERROR:process_memory_win.cc(73)] ReadMemory at 0x7ffbece20000 of 64 bytes failed: Only part of a ReadProcessMemory or WriteProcessMemory request was completed. (0x12B)
[0520/163051.930:WARNING:pe_image_reader.cc(340)] could not read dos header from C:\WINDOWS\SYSTEM32\PROPSYS.dll
[0520/163051.930:ERROR:process_memory_win.cc(73)] ReadMemory at 0x7ffbf1a70000 of 64 bytes failed: Only part of a ReadProcessMemory or WriteProcessMemory request was completed. (0x12B)
[0520/163051.930:WARNING:pe_image_reader.cc(340)] could not read dos header from C:\WINDOWS\System32\shcore.dll
[0520/163051.930:ERROR:process_memory_win.cc(73)] ReadMemory at 0x7ffbf02a0000 of 64 bytes failed: Only part of a ReadProcessMemory or WriteProcessMemory request was completed. (0x12B)
[0520/163051.930:WARNING:pe_image_reader.cc(340)] could not read dos header from C:\WINDOWS\SYSTEM32\SSPICLI.DLL
[0520/163051.930:ERROR:process_memory_win.cc(73)] ReadMemory at 0x7ffbefcc0000 of 64 bytes failed: Only part of a ReadProcessMemory or WriteProcessMemory request was completed. (0x12B)
[0520/163051.930:WARNING:pe_image_reader.cc(340)] could not read dos header from C:\WINDOWS\SYSTEM32\CRYPTBASE.DLL
[0520/163052.546:ERROR:process_memory_win.cc(73)] ReadMemory at 0x7ff6a0f20000 of 64 bytes failed: Only part of a ReadProcessMemory or WriteProcessMemory request was completed. (0x12B)
[0520/163052.546:WARNING:pe_image_reader.cc(340)] could not read dos header from C:\Program Files (x86)\Google\Chrome\Application\chrome.exe
[0520/163052.546:ERROR:process_memory_win.cc(73)] ReadMemory at 0x7ffbf34c0000 of 64 bytes failed: Only part of a ReadProcessMemory or WriteProcessMemory request was completed. (0x12B)
[0520/163052.546:WARNING:pe_image_reader.cc(340)] could not read dos header from C:\WINDOWS\SYSTEM32\ntdll.dll
[0520/163052.546:ERROR:process_memory_win.cc(73)] ReadMemory at 0x7ffbf1d10000 of 64 bytes failed: Only part of a ReadProcessMemory or WriteProcessMemory request was completed. (0x12B)
[0520/163052.546:WARNING:pe_image_reader.cc(340)] could not read dos header from C:\WINDOWS\System32\KERNEL32.DLL
[0520/163052.546:ERROR:process_memory_win.cc(73)] ReadMemory at 0x7ffbf0470000 of 64 bytes failed: Only part of a ReadProcessMemory or WriteProcessMemory request was completed. (0x12B)
[0520/163052.546:WARNING:pe_image_reader.cc(340)] could not read dos header from C:\WINDOWS\System32\KERNELBASE.dll
[0520/163052.546:ERROR:process_memory_win.cc(73)] ReadMemory at 0x7ffbc5000000 of 64 bytes failed: Only part of a ReadProcessMemory or WriteProcessMemory request was completed. (0x12B)
[0520/163052.546:WARNING:pe_image_reader.cc(340)] could not read dos header from C:\Program Files (x86)\Google\Chrome\Application\81.0.4044.138\chrome_elf.dll
[0520/163052.546:ERROR:process_memory_win.cc(73)] ReadMemory at 0x7ffbe7610000 of 64 bytes failed: Only part of a ReadProcessMemory or WriteProcessMemory request was completed. (0x12B)
[0520/163052.546:WARNING:pe_image_reader.cc(340)] could not read dos header from C:\WINDOWS\SYSTEM32\VERSION.dll
[0520/163052.546:ERROR:process_memory_win.cc(73)] ReadMemory at 0x282be840000 of 64 bytes failed: Only part of a ReadProcessMemory or WriteProcessMemory request was completed. (0x12B)
[0520/163052.546:WARNING:pe_image_reader.cc(340)] could not read dos header from C:\WINDOWS\System32\msvcrt.dll
[0520/163052.546:ERROR:process_memory_win.cc(73)] ReadMemory at 0x7ffbf0d70000 of 64 bytes failed: Only part of a ReadProcessMemory or WriteProcessMemory request was completed. (0x12B)
[0520/163052.546:WARNING:pe_image_reader.cc(340)] could not read dos header from C:\WINDOWS\System32\bcryptPrimitives.dll
[0520/163052.546:ERROR:process_memory_win.cc(73)] ReadMemory at 0x7ffbf1b20000 of 64 bytes failed: Only part of a ReadProcessMemory or WriteProcessMemory request was completed. (0x12B)
[0520/163052.546:WARNING:pe_image_reader.cc(340)] could not read dos header from C:\WINDOWS\System32\ADVAPI32.dll
[0520/163052.546:ERROR:process_memory_win.cc(73)] ReadMemory at 0x7ffbf2fa0000 of 64 bytes failed: Only part of a ReadProcessMemory or WriteProcessMemory request was completed. (0x12B)
[0520/163052.546:WARNING:pe_image_reader.cc(340)] could not read dos header from C:\WINDOWS\System32\sechost.dll
[0520/163052.546:ERROR:process_memory_win.cc(73)] ReadMemory at 0x7ffbf1950000 of 64 bytes failed: Only part of a ReadProcessMemory or WriteProcessMemory request was completed. (0x12B)
[0520/163052.546:WARNING:pe_image_reader.cc(340)] could not read dos header from C:\WINDOWS\System32\RPCRT4.dll
[0520/163052.546:ERROR:process_memory_win.cc(73)] ReadMemory at 0x7ffb8e8f0000 of 64 bytes failed: Only part of a ReadProcessMemory or WriteProcessMemory request was completed. (0x12B)
[0520/163052.546:WARNING:pe_image_reader.cc(340)] could not read dos header from C:\Program Files (x86)\Google\Chrome\Application\81.0.4044.138\chrome.dll
[0520/163052.546:ERROR:process_memory_win.cc(73)] ReadMemory at 0x7ffbf1e80000 of 64 bytes failed: Only part of a ReadProcessMemory or WriteProcessMemory request was completed. (0x12B)
[0520/163052.546:WARNING:pe_image_reader.cc(340)] could not read dos header from C:\WINDOWS\System32\WS2_32.dll
[0520/163052.546:ERROR:process_memory_win.cc(73)] ReadMemory at 0x7ffbf3150000 of 64 bytes failed: Only part of a ReadProcessMemory or WriteProcessMemory request was completed. (0x12B)
[0520/163052.546:WARNING:pe_image_reader.cc(340)] could not read dos header from C:\WINDOWS\System32\OLEAUT32.dll
[0520/163052.547:ERROR:process_memory_win.cc(73)] ReadMemory at 0x7ffbf0750000 of 64 bytes failed: Only part of a ReadProcessMemory or WriteProcessMemory request was completed. (0x12B)
[0520/163052.547:WARNING:pe_image_reader.cc(340)] could not read dos header from C:\WINDOWS\System32\msvcp_win.dll
[0520/163052.547:ERROR:process_memory_win.cc(73)] ReadMemory at 0x7ffbf09e0000 of 64 bytes failed: Only part of a ReadProcessMemory or WriteProcessMemory request was completed. (0x12B)
[0520/163052.547:WARNING:pe_image_reader.cc(340)] could not read dos header from C:\WINDOWS\System32\ucrtbase.dll
[0520/163052.547:ERROR:process_memory_win.cc(73)] ReadMemory at 0x7ffbf1570000 of 64 bytes failed: Only part of a ReadProcessMemory or WriteProcessMemory request was completed. (0x12B)
[0520/163052.547:WARNING:pe_image_reader.cc(340)] could not read dos header from C:\WINDOWS\System32\combase.dll
[0520/163052.547:ERROR:process_memory_win.cc(73)] ReadMemory at 0x7ffbf0ae0000 of 64 bytes failed: Only part of a ReadProcessMemory or WriteProcessMemory request was completed. (0x12B)
[0520/163052.547:WARNING:pe_image_reader.cc(340)] could not read dos header from C:\WINDOWS\System32\WINTRUST.dll
[0520/163052.547:ERROR:process_memory_win.cc(73)] ReadMemory at 0x7ffbf0390000 of 64 bytes failed: Only part of a ReadProcessMemory or WriteProcessMemory request was completed. (0x12B)
[0520/163052.547:WARNING:pe_image_reader.cc(340)] could not read dos header from C:\WINDOWS\System32\MSASN1.dll
[0520/163052.547:ERROR:process_memory_win.cc(73)] ReadMemory at 0x7ffbf0b40000 of 64 bytes failed: Only part of a ReadProcessMemory or WriteProcessMemory request was completed. (0x12B)
[0520/163052.547:WARNING:pe_image_reader.cc(340)] could not read dos header from C:\WINDOWS\System32\CRYPT32.dll
[0520/163052.547:ERROR:process_memory_win.cc(73)] ReadMemory at 0x7ffbef860000 of 64 bytes failed: Only part of a ReadProcessMemory or WriteProcessMemory request was completed. (0x12B)
[0520/163052.547:WARNING:pe_image_reader.cc(340)] could not read dos header from C:\WINDOWS\SYSTEM32\IPHLPAPI.DLL
[0520/163052.547:ERROR:process_memory_win.cc(73)] ReadMemory at 0x7ffbee400000 of 64 bytes failed: Only part of a ReadProcessMemory or WriteProcessMemory request was completed. (0x12B)
[0520/163052.547:WARNING:pe_image_reader.cc(340)] could not read dos header from C:\WINDOWS\SYSTEM32\WINMM.dll
[0520/163052.547:ERROR:process_memory_win.cc(73)] ReadMemory at 0x7ffbe43c0000 of 64 bytes failed: Only part of a ReadProcessMemory or WriteProcessMemory request was completed. (0x12B)
[0520/163052.547:WARNING:pe_image_reader.cc(340)] could not read dos header from C:\WINDOWS\SYSTEM32\Secur32.dll
[0520/163052.547:ERROR:process_memory_win.cc(73)] ReadMemory at 0x7ffbf0270000 of 64 bytes failed: Only part of a ReadProcessMemory or WriteProcessMemory request was completed. (0x12B)
[0520/163052.547:WARNING:pe_image_reader.cc(340)] could not read dos header from C:\WINDOWS\SYSTEM32\USERENV.dll
[0520/163052.547:ERROR:process_memory_win.cc(73)] ReadMemory at 0x7ffbf0420000 of 64 bytes failed: Only part of a ReadProcessMemory or WriteProcessMemory request was completed. (0x12B)
[0520/163052.547:WARNING:pe_image_reader.cc(340)] could not read dos header from C:\WINDOWS\System32\profapi.dll
[0520/163052.547:ERROR:process_memory_win.cc(73)] ReadMemory at 0x7ffbca8c0000 of 64 bytes failed: Only part of a ReadProcessMemory or WriteProcessMemory request was completed. (0x12B)
[0520/163052.547:WARNING:pe_image_reader.cc(340)] could not read dos header from C:\WINDOWS\SYSTEM32\UIAutomationCore.DLL
[0520/163052.547:ERROR:process_memory_win.cc(73)] ReadMemory at 0x7ffbdb210000 of 64 bytes failed: Only part of a ReadProcessMemory or WriteProcessMemory request was completed. (0x12B)
[0520/163052.547:WARNING:pe_image_reader.cc(340)] could not read dos header from C:\WINDOWS\SYSTEM32\DWrite.dll
[0520/163052.547:ERROR:process_memory_win.cc(73)] ReadMemory at 0x7ffbe71b0000 of 64 bytes failed: Only part of a ReadProcessMemory or WriteProcessMemory request was completed. (0x12B)
[0520/163052.547:WARNING:pe_image_reader.cc(340)] could not read dos header from C:\WINDOWS\SYSTEM32\WINSPOOL.DRV
[0520/163052.547:ERROR:process_memory_win.cc(73)] ReadMemory at 0x7ffbf03b0000 of 64 bytes failed: Only part of a ReadProcessMemory or WriteProcessMemory request was completed. (0x12B)
[0520/163052.547:WARNING:pe_image_reader.cc(340)] could not read dos header from C:\WINDOWS\System32\kernel.appcore.dll
[0520/163052.547:ERROR:process_memory_win.cc(73)] ReadMemory at 0x7ffbf0d40000 of 64 bytes failed: Only part of a ReadProcessMemory or WriteProcessMemory request was completed. (0x12B)
[0520/163052.548:WARNING:pe_image_reader.cc(340)] could not read dos header from C:\WINDOWS\System32\bcrypt.dll
[0520/163052.548:ERROR:process_memory_win.cc(73)] ReadMemory at 0x7ffbda640000 of 64 bytes failed: Only part of a ReadProcessMemory or WriteProcessMemory request was completed. (0x12B)
[0520/163052.548:WARNING:pe_image_reader.cc(340)] could not read dos header from C:\WINDOWS\SYSTEM32\dbghelp.dll
[0520/163052.548:ERROR:process_memory_win.cc(73)] ReadMemory at 0x7ffbead90000 of 64 bytes failed: Only part of a ReadProcessMemory or WriteProcessMemory request was completed. (0x12B)
[0520/163052.548:WARNING:pe_image_reader.cc(340)] could not read dos header from C:\WINDOWS\SYSTEM32\WINHTTP.dll
[0520/163052.548:ERROR:process_memory_win.cc(73)] ReadMemory at 0x7ffbea460000 of 64 bytes failed: Only part of a ReadProcessMemory or WriteProcessMemory request was completed. (0x12B)
[0520/163052.548:WARNING:pe_image_reader.cc(340)] could not read dos header from C:\WINDOWS\SYSTEM32\dhcpcsvc.DLL
[0520/163052.548:ERROR:process_memory_win.cc(73)] ReadMemory at 0x7ffbf3350000 of 64 bytes failed: Only part of a ReadProcessMemory or WriteProcessMemory request was completed. (0x12B)
[0520/163052.548:WARNING:pe_image_reader.cc(340)] could not read dos header from C:\WINDOWS\System32\NSI.dll
[0520/163052.548:ERROR:process_memory_win.cc(73)] ReadMemory at 0x7ffbee3d0000 of 64 bytes failed: Only part of a ReadProcessMemory or WriteProcessMemory request was completed. (0x12B)
[0520/163052.548:WARNING:pe_image_reader.cc(340)] could not read dos header from C:\WINDOWS\SYSTEM32\WINMMBASE.dll
[0520/163052.548:ERROR:process_memory_win.cc(73)] ReadMemory at 0x7ffbf07f0000 of 64 bytes failed: Only part of a ReadProcessMemory or WriteProcessMemory request was completed. (0x12B)
[0520/163052.548:WARNING:pe_image_reader.cc(340)] could not read dos header from C:\WINDOWS\System32\cfgmgr32.dll
[0520/163052.548:ERROR:process_memory_win.cc(73)] ReadMemory at 0x7ffbece20000 of 64 bytes failed: Only part of a ReadProcessMemory or WriteProcessMemory request was completed. (0x12B)
[0520/163052.548:WARNING:pe_image_reader.cc(340)] could not read dos header from C:\WINDOWS\SYSTEM32\PROPSYS.dll
[0520/163052.548:ERROR:process_memory_win.cc(73)] ReadMemory at 0x7ffbf1a70000 of 64 bytes failed: Only part of a ReadProcessMemory or WriteProcessMemory request was completed. (0x12B)
[0520/163052.548:WARNING:pe_image_reader.cc(340)] could not read dos header from C:\WINDOWS\System32\shcore.dll
[0520/163052.548:ERROR:process_memory_win.cc(73)] ReadMemory at 0x7ffbf02a0000 of 64 bytes failed: Only part of a ReadProcessMemory or WriteProcessMemory request was completed. (0x12B)
[0520/163052.548:WARNING:pe_image_reader.cc(340)] could not read dos header from C:\WINDOWS\SYSTEM32\SSPICLI.DLL
[0520/163052.548:ERROR:process_memory_win.cc(73)] ReadMemory at 0x7ffbefcc0000 of 64 bytes failed: Only part of a ReadProcessMemory or WriteProcessMemory request was completed. (0x12B)
[0520/163052.548:WARNING:pe_image_reader.cc(340)] could not read dos header from C:\WINDOWS\SYSTEM32\CRYPTBASE.DLL
[0520/163052.548:ERROR:process_memory_win.cc(73)] ReadMemory at 0x7ff6a0f20000 of 64 bytes failed: Only part of a ReadProcessMemory or WriteProcessMemory request was completed. (0x12B)
[0520/163052.548:WARNING:pe_image_reader.cc(340)] could not read dos header from C:\Program Files (x86)\Google\Chrome\Application\chrome.exe
[0520/163052.548:ERROR:process_memory_win.cc(73)] ReadMemory at 0x7ffbf34c0000 of 64 bytes failed: Only part of a ReadProcessMemory or WriteProcessMemory request was completed. (0x12B)
[0520/163052.548:WARNING:pe_image_reader.cc(340)] could not read dos header from C:\WINDOWS\SYSTEM32\ntdll.dll
[0520/163052.548:ERROR:process_memory_win.cc(73)] ReadMemory at 0x7ffbf1d10000 of 64 bytes failed: Only part of a ReadProcessMemory or WriteProcessMemory request was completed. (0x12B)
[0520/163052.548:WARNING:pe_image_reader.cc(340)] could not read dos header from C:\WINDOWS\System32\KERNEL32.DLL
[0520/163052.548:ERROR:process_memory_win.cc(73)] ReadMemory at 0x7ffbf0470000 of 64 bytes failed: Only part of a ReadProcessMemory or WriteProcessMemory request was completed. (0x12B)
[0520/163052.548:WARNING:pe_image_reader.cc(340)] could not read dos header from C:\WINDOWS\System32\KERNELBASE.dll
[0520/163052.549:ERROR:process_memory_win.cc(73)] ReadMemory at 0x7ffbc5000000 of 64 bytes failed: Only part of a ReadProcessMemory or WriteProcessMemory request was completed. (0x12B)
[0520/163052.549:WARNING:pe_image_reader.cc(340)] could not read dos header from C:\Program Files (x86)\Google\Chrome\Application\81.0.4044.138\chrome_elf.dll
[0520/163052.549:ERROR:process_memory_win.cc(73)] ReadMemory at 0x7ffbe7610000 of 64 bytes failed: Only part of a ReadProcessMemory or WriteProcessMemory request was completed. (0x12B)
[0520/163052.549:WARNING:pe_image_reader.cc(340)] could not read dos header from C:\WINDOWS\SYSTEM32\VERSION.dll
[0520/163052.549:ERROR:process_memory_win.cc(73)] ReadMemory at 0x282be840000 of 64 bytes failed: Only part of a ReadProcessMemory or WriteProcessMemory request was completed. (0x12B)
[0520/163052.549:WARNING:pe_image_reader.cc(340)] could not read dos header from C:\WINDOWS\System32\msvcrt.dll
[0520/163052.549:ERROR:process_memory_win.cc(73)] ReadMemory at 0x7ffbf0d70000 of 64 bytes failed: Only part of a ReadProcessMemory or WriteProcessMemory request was completed. (0x12B)
[0520/163052.549:WARNING:pe_image_reader.cc(340)] could not read dos header from C:\WINDOWS\System32\bcryptPrimitives.dll
[0520/163052.549:ERROR:process_memory_win.cc(73)] ReadMemory at 0x7ffbf1b20000 of 64 bytes failed: Only part of a ReadProcessMemory or WriteProcessMemory request was completed. (0x12B)
[0520/163052.549:WARNING:pe_image_reader.cc(340)] could not read dos header from C:\WINDOWS\System32\ADVAPI32.dll
[0520/163052.549:ERROR:process_memory_win.cc(73)] ReadMemory at 0x7ffbf2fa0000 of 64 bytes failed: Only part of a ReadProcessMemory or WriteProcessMemory request was completed. (0x12B)
[0520/163052.549:WARNING:pe_image_reader.cc(340)] could not read dos header from C:\WINDOWS\System32\sechost.dll
[0520/163052.549:ERROR:process_memory_win.cc(73)] ReadMemory at 0x7ffbf1950000 of 64 bytes failed: Only part of a ReadProcessMemory or WriteProcessMemory request was completed. (0x12B)
[0520/163052.549:WARNING:pe_image_reader.cc(340)] could not read dos header from C:\WINDOWS\System32\RPCRT4.dll
[0520/163052.549:ERROR:process_memory_win.cc(73)] ReadMemory at 0x7ffb8e8f0000 of 64 bytes failed: Only part of a ReadProcessMemory or WriteProcessMemory request was completed. (0x12B)
[0520/163052.549:WARNING:pe_image_reader.cc(340)] could not read dos header from C:\Program Files (x86)\Google\Chrome\Application\81.0.4044.138\chrome.dll
[0520/163052.549:ERROR:process_memory_win.cc(73)] ReadMemory at 0x7ffbf1e80000 of 64 bytes failed: Only part of a ReadProcessMemory or WriteProcessMemory request was completed. (0x12B)
[0520/163052.549:WARNING:pe_image_reader.cc(340)] could not read dos header from C:\WINDOWS\System32\WS2_32.dll
[0520/163052.549:ERROR:process_memory_win.cc(73)] ReadMemory at 0x7ffbf3150000 of 64 bytes failed: Only part of a ReadProcessMemory or WriteProcessMemory request was completed. (0x12B)
[0520/163052.549:WARNING:pe_image_reader.cc(340)] could not read dos header from C:\WINDOWS\System32\OLEAUT32.dll
[0520/163052.549:ERROR:process_memory_win.cc(73)] ReadMemory at 0x7ffbf0750000 of 64 bytes failed: Only part of a ReadProcessMemory or WriteProcessMemory request was completed. (0x12B)
[0520/163052.549:WARNING:pe_image_reader.cc(340)] could not read dos header from C:\WINDOWS\System32\msvcp_win.dll
[0520/163052.549:ERROR:process_memory_win.cc(73)] ReadMemory at 0x7ffbf09e0000 of 64 bytes failed: Only part of a ReadProcessMemory or WriteProcessMemory request was completed. (0x12B)
[0520/163052.549:WARNING:pe_image_reader.cc(340)] could not read dos header from C:\WINDOWS\System32\ucrtbase.dll
[0520/163052.549:ERROR:process_memory_win.cc(73)] ReadMemory at 0x7ffbf1570000 of 64 bytes failed: Only part of a ReadProcessMemory or WriteProcessMemory request was completed. (0x12B)
[0520/163052.549:WARNING:pe_image_reader.cc(340)] could not read dos header from C:\WINDOWS\System32\combase.dll
[0520/163052.549:ERROR:process_memory_win.cc(73)] ReadMemory at 0x7ffbf0ae0000 of 64 bytes failed: Only part of a ReadProcessMemory or WriteProcessMemory request was completed. (0x12B)
[0520/163052.549:WARNING:pe_image_reader.cc(340)] could not read dos header from C:\WINDOWS\System32\WINTRUST.dll
[0520/163052.549:ERROR:process_memory_win.cc(73)] ReadMemory at 0x7ffbf0390000 of 64 bytes failed: Only part of a ReadProcessMemory or WriteProcessMemory request was completed. (0x12B)
[0520/163052.549:WARNING:pe_image_reader.cc(340)] could not read dos header from C:\WINDOWS\System32\MSASN1.dll
[0520/163052.549:ERROR:process_memory_win.cc(73)] ReadMemory at 0x7ffbf0b40000 of 64 bytes failed: Only part of a ReadProcessMemory or WriteProcessMemory request was completed. (0x12B)
[0520/163052.549:WARNING:pe_image_reader.cc(340)] could not read dos header from C:\WINDOWS\System32\CRYPT32.dll
[0520/163052.549:ERROR:process_memory_win.cc(73)] ReadMemory at 0x7ffbef860000 of 64 bytes failed: Only part of a ReadProcessMemory or WriteProcessMemory request was completed. (0x12B)
[0520/163052.550:WARNING:pe_image_reader.cc(340)] could not read dos header from C:\WINDOWS\SYSTEM32\IPHLPAPI.DLL
[0520/163052.550:ERROR:process_memory_win.cc(73)] ReadMemory at 0x7ffbee400000 of 64 bytes failed: Only part of a ReadProcessMemory or WriteProcessMemory request was completed. (0x12B)
[0520/163052.550:WARNING:pe_image_reader.cc(340)] could not read dos header from C:\WINDOWS\SYSTEM32\WINMM.dll
[0520/163052.550:ERROR:process_memory_win.cc(73)] ReadMemory at 0x7ffbe43c0000 of 64 bytes failed: Only part of a ReadProcessMemory or WriteProcessMemory request was completed. (0x12B)
[0520/163052.550:WARNING:pe_image_reader.cc(340)] could not read dos header from C:\WINDOWS\SYSTEM32\Secur32.dll
[0520/163052.550:ERROR:process_memory_win.cc(73)] ReadMemory at 0x7ffbf0270000 of 64 bytes failed: Only part of a ReadProcessMemory or WriteProcessMemory request was completed. (0x12B)
[0520/163052.550:WARNING:pe_image_reader.cc(340)] could not read dos header from C:\WINDOWS\SYSTEM32\USERENV.dll
[0520/163052.550:ERROR:process_memory_win.cc(73)] ReadMemory at 0x7ffbf0420000 of 64 bytes failed: Only part of a ReadProcessMemory or WriteProcessMemory request was completed. (0x12B)
[0520/163052.550:WARNING:pe_image_reader.cc(340)] could not read dos header from C:\WINDOWS\System32\profapi.dll
[0520/163052.550:ERROR:process_memory_win.cc(73)] ReadMemory at 0x7ffbca8c0000 of 64 bytes failed: Only part of a ReadProcessMemory or WriteProcessMemory request was completed. (0x12B)
[0520/163052.550:WARNING:pe_image_reader.cc(340)] could not read dos header from C:\WINDOWS\SYSTEM32\UIAutomationCore.DLL
[0520/163052.550:ERROR:process_memory_win.cc(73)] ReadMemory at 0x7ffbdb210000 of 64 bytes failed: Only part of a ReadProcessMemory or WriteProcessMemory request was completed. (0x12B)
[0520/163052.550:WARNING:pe_image_reader.cc(340)] could not read dos header from C:\WINDOWS\SYSTEM32\DWrite.dll
[0520/163052.550:ERROR:process_memory_win.cc(73)] ReadMemory at 0x7ffbe71b0000 of 64 bytes failed: Only part of a ReadProcessMemory or WriteProcessMemory request was completed. (0x12B)
[0520/163052.550:WARNING:pe_image_reader.cc(340)] could not read dos header from C:\WINDOWS\SYSTEM32\WINSPOOL.DRV
[0520/163052.550:ERROR:process_memory_win.cc(73)] ReadMemory at 0x7ffbf03b0000 of 64 bytes failed: Only part of a ReadProcessMemory or WriteProcessMemory request was completed. (0x12B)
[0520/163052.550:WARNING:pe_image_reader.cc(340)] could not read dos header from C:\WINDOWS\System32\kernel.appcore.dll
[0520/163052.550:ERROR:process_memory_win.cc(73)] ReadMemory at 0x7ffbf0d40000 of 64 bytes failed: Only part of a ReadProcessMemory or WriteProcessMemory request was completed. (0x12B)
[0520/163052.550:WARNING:pe_image_reader.cc(340)] could not read dos header from C:\WINDOWS\System32\bcrypt.dll
[0520/163052.550:ERROR:process_memory_win.cc(73)] ReadMemory at 0x7ffbda640000 of 64 bytes failed: Only part of a ReadProcessMemory or WriteProcessMemory request was completed. (0x12B)
[0520/163052.550:WARNING:pe_image_reader.cc(340)] could not read dos header from C:\WINDOWS\SYSTEM32\dbghelp.dll
[0520/163052.550:ERROR:process_memory_win.cc(73)] ReadMemory at 0x7ffbead90000 of 64 bytes failed: Only part of a ReadProcessMemory or WriteProcessMemory request was completed. (0x12B)
[0520/163052.550:WARNING:pe_image_reader.cc(340)] could not read dos header from C:\WINDOWS\SYSTEM32\WINHTTP.dll
[0520/163052.550:ERROR:process_memory_win.cc(73)] ReadMemory at 0x7ffbea460000 of 64 bytes failed: Only part of a ReadProcessMemory or WriteProcessMemory request was completed. (0x12B)
[0520/163052.550:WARNING:pe_image_reader.cc(340)] could not read dos header from C:\WINDOWS\SYSTEM32\dhcpcsvc.DLL
[0520/163052.550:ERROR:process_memory_win.cc(73)] ReadMemory at 0x7ffbf3350000 of 64 bytes failed: Only part of a ReadProcessMemory or WriteProcessMemory request was completed. (0x12B)
[0520/163052.550:WARNING:pe_image_reader.cc(340)] could not read dos header from C:\WINDOWS\System32\NSI.dll
[0520/163052.550:ERROR:process_memory_win.cc(73)] ReadMemory at 0x7ffbee3d0000 of 64 bytes failed: Only part of a ReadProcessMemory or WriteProcessMemory request was completed. (0x12B)
[0520/163052.551:WARNING:pe_image_reader.cc(340)] could not read dos header from C:\WINDOWS\SYSTEM32\WINMMBASE.dll
[0520/163052.551:ERROR:process_memory_win.cc(73)] ReadMemory at 0x7ffbf07f0000 of 64 bytes failed: Only part of a ReadProcessMemory or WriteProcessMemory request was completed. (0x12B)
[0520/163052.551:WARNING:pe_image_reader.cc(340)] could not read dos header from C:\WINDOWS\System32\cfgmgr32.dll
[0520/163052.551:ERROR:process_memory_win.cc(73)] ReadMemory at 0x7ffbece20000 of 64 bytes failed: Only part of a ReadProcessMemory or WriteProcessMemory request was completed. (0x12B)
[0520/163052.551:WARNING:pe_image_reader.cc(340)] could not read dos header from C:\WINDOWS\SYSTEM32\PROPSYS.dll
[0520/163052.551:ERROR:process_memory_win.cc(73)] ReadMemory at 0x7ffbf1a70000 of 64 bytes failed: Only part of a ReadProcessMemory or WriteProcessMemory request was completed. (0x12B)
[0520/163052.551:WARNING:pe_image_reader.cc(340)] could not read dos header from C:\WINDOWS\System32\shcore.dll
[0520/163052.551:ERROR:process_memory_win.cc(73)] ReadMemory at 0x7ffbf02a0000 of 64 bytes failed: Only part of a ReadProcessMemory or WriteProcessMemory request was completed. (0x12B)
[0520/163052.551:WARNING:pe_image_reader.cc(340)] could not read dos header from C:\WINDOWS\SYSTEM32\SSPICLI.DLL
[0520/163052.551:ERROR:process_memory_win.cc(73)] ReadMemory at 0x7ffbefcc0000 of 64 bytes failed: Only part of a ReadProcessMemory or WriteProcessMemory request was completed. (0x12B)
[0520/163052.551:WARNING:pe_image_reader.cc(340)] could not read dos header from C:\WINDOWS\SYSTEM32\CRYPTBASE.DLL
[0520/163052.580:ERROR:process_memory_win.cc(73)] ReadMemory at 0xa715fec000 of 81920 bytes failed: Only part of a ReadProcessMemory or WriteProcessMemory request was completed. (0x12B)
[0520/163052.580:ERROR:process_memory_win.cc(73)] ReadMemory at 0xa7167fd000 of 12288 bytes failed: Only part of a ReadProcessMemory or WriteProcessMemory request was completed. (0x12B)
[0520/163052.580:ERROR:process_memory_win.cc(73)] ReadMemory at 0xa7177fd000 of 12288 bytes failed: Only part of a ReadProcessMemory or WriteProcessMemory request was completed. (0x12B)
[0520/163052.580:ERROR:process_memory_win.cc(73)] ReadMemory at 0xa717ffc000 of 16384 bytes failed: Only part of a ReadProcessMemory or WriteProcessMemory request was completed. (0x12B)
[0520/163052.580:ERROR:process_memory_win.cc(73)] ReadMemory at 0xa7187fe000 of 8192 bytes failed: Only part of a ReadProcessMemory or WriteProcessMemory request was completed. (0x12B)
[0520/163052.580:ERROR:process_memory_win.cc(73)] ReadMemory at 0xa718ffd000 of 12288 bytes failed: Only part of a ReadProcessMemory or WriteProcessMemory request was completed. (0x12B)
[0520/163052.580:ERROR:process_memory_win.cc(73)] ReadMemory at 0xa7197fb000 of 20480 bytes failed: Only part of a ReadProcessMemory or WriteProcessMemory request was completed. (0x12B)
[0520/163052.580:ERROR:process_memory_win.cc(73)] ReadMemory at 0xa71a7fd000 of 12288 bytes failed: Only part of a ReadProcessMemory or WriteProcessMemory request was completed. (0x12B)
[0520/163052.581:ERROR:process_memory_win.cc(73)] ReadMemory at 0xa71aff5000 of 45056 bytes failed: Only part of a ReadProcessMemory or WriteProcessMemory request was completed. (0x12B)
[0520/163052.581:ERROR:process_memory_win.cc(73)] ReadMemory at 0xa71b7f6000 of 40960 bytes failed: Only part of a ReadProcessMemory or WriteProcessMemory request was completed. (0x12B)
[0520/163052.581:ERROR:process_memory_win.cc(73)] ReadMemory at 0xa71bffd000 of 12288 bytes failed: Only part of a ReadProcessMemory or WriteProcessMemory request was completed. (0x12B)
[0520/163052.581:ERROR:process_memory_win.cc(73)] ReadMemory at 0xa71d7fd000 of 12288 bytes failed: Only part of a ReadProcessMemory or WriteProcessMemory request was completed. (0x12B)
[0520/163052.581:ERROR:process_memory_win.cc(73)] ReadMemory at 0xa71c7f6000 of 40960 bytes failed: Only part of a ReadProcessMemory or WriteProcessMemory request was completed. (0x12B)
[0520/163052.581:ERROR:process_memory_win.cc(73)] ReadMemory at 0xa716fff000 of 4096 bytes failed: Only part of a ReadProcessMemory or WriteProcessMemory request was completed. (0x12B)
[0520/163052.581:ERROR:process_memory_win.cc(73)] ReadMemory at 0xa71560b000 of 852 bytes failed: Only part of a ReadProcessMemory or WriteProcessMemory request was completed. (0x12B)
[0520/163052.581:ERROR:process_memory_win.cc(73)] ReadMemory at 0xa71560c000 of 6024 bytes failed: Only part of a ReadProcessMemory or WriteProcessMemory request was completed. (0x12B)
[0520/163052.581:ERROR:process_memory_win.cc(73)] ReadMemory at 0xa71560e000 of 6024 bytes failed: Only part of a ReadProcessMemory or WriteProcessMemory request was completed. (0x12B)
[0520/163052.581:ERROR:process_memory_win.cc(73)] ReadMemory at 0xa715612000 of 6024 bytes failed: Only part of a ReadProcessMemory or WriteProcessMemory request was completed. (0x12B)
[0520/163052.582:ERROR:process_memory_win.cc(73)] ReadMemory at 0xa715614000 of 6024 bytes failed: Only part of a ReadProcessMemory or WriteProcessMemory request was completed. (0x12B)
[0520/163052.582:ERROR:process_memory_win.cc(73)] ReadMemory at 0xa715616000 of 6024 bytes failed: Only part of a ReadProcessMemory or WriteProcessMemory request was completed. (0x12B)
[0520/163052.582:ERROR:process_memory_win.cc(73)] ReadMemory at 0xa715618000 of 6024 bytes failed: Only part of a ReadProcessMemory or WriteProcessMemory request was completed. (0x12B)
[0520/163052.582:ERROR:process_memory_win.cc(73)] ReadMemory at 0xa71561a000 of 6024 bytes failed: Only part of a ReadProcessMemory or WriteProcessMemory request was completed. (0x12B)
[0520/163052.582:ERROR:process_memory_win.cc(73)] ReadMemory at 0xa71561e000 of 6024 bytes failed: Only part of a ReadProcessMemory or WriteProcessMemory request was completed. (0x12B)
[0520/163052.582:ERROR:process_memory_win.cc(73)] ReadMemory at 0xa715620000 of 6024 bytes failed: Only part of a ReadProcessMemory or WriteProcessMemory request was completed. (0x12B)
[0520/163052.582:ERROR:process_memory_win.cc(73)] ReadMemory at 0xa715622000 of 6024 bytes failed: Only part of a ReadProcessMemory or WriteProcessMemory request was completed. (0x12B)
[0520/163052.582:ERROR:process_memory_win.cc(73)] ReadMemory at 0xa715624000 of 6024 bytes failed: Only part of a ReadProcessMemory or WriteProcessMemory request was completed. (0x12B)
[0520/163052.582:ERROR:process_memory_win.cc(73)] ReadMemory at 0xa71562c000 of 6024 bytes failed: Only part of a ReadProcessMemory or WriteProcessMemory request was completed. (0x12B)
[0520/163052.582:ERROR:process_memory_win.cc(73)] ReadMemory at 0xa715648000 of 6024 bytes failed: Only part of a ReadProcessMemory or WriteProcessMemory request was completed. (0x12B)
[0520/163052.582:ERROR:process_memory_win.cc(73)] ReadMemory at 0xa71564c000 of 6024 bytes failed: Only part of a ReadProcessMemory or WriteProcessMemory request was completed. (0x12B)
[0520/163052.582:ERROR:process_memory_win.cc(73)] ReadMemory at 0x282be670750 of 80 bytes failed: Only part of a ReadProcessMemory or WriteProcessMemory request was completed. (0x12B)
[0520/163052.582:ERROR:process_memory_win.cc(73)] ReadMemory at 0x282be670fe0 of 22708 bytes failed: Only part of a ReadProcessMemory or WriteProcessMemory request was completed. (0x12B)
[0520/163052.582:ERROR:process_memory_win.cc(73)] ReadMemory at 0x282be6768a0 of 1012 bytes failed: Only part of a ReadProcessMemory or WriteProcessMemory request was completed. (0x12B)
[0520/163052.582:ERROR:process_memory_win.cc(73)] ReadMemory at 0x282be676ee8 of 118 bytes failed: Only part of a ReadProcessMemory or WriteProcessMemory request was completed. (0x12B)
[0520/163052.582:ERROR:process_memory_win.cc(73)] ReadMemory at 0x282be676f60 of 756 bytes failed: Only part of a ReadProcessMemory or WriteProcessMemory request was completed. (0x12B)
[0520/163052.583:ERROR:process_memory_win.cc(73)] ReadMemory at 0x282be677256 of 118 bytes failed: Only part of a ReadProcessMemory or WriteProcessMemory request was completed. (0x12B)
[0520/163052.583:ERROR:process_memory_win.cc(73)] ReadMemory at 0x282be6772ce of 96 bytes failed: Only part of a ReadProcessMemory or WriteProcessMemory request was completed. (0x12B)
[0520/163052.583:ERROR:process_memory_win.cc(73)] ReadMemory at 0x282be677340 of 58 bytes failed: Only part of a ReadProcessMemory or WriteProcessMemory request was completed. (0x12B)
[0520/163052.583:ERROR:process_memory_win.cc(73)] ReadMemory at 0x282be677440 of 132 bytes failed: Only part of a ReadProcessMemory or WriteProcessMemory request was completed. (0x12B)
[0520/163052.583:ERROR:process_memory_win.cc(73)] ReadMemory at 0x282be6775d0 of 132 bytes failed: Only part of a ReadProcessMemory or WriteProcessMemory request was completed. (0x12B)
[0520/163052.583:ERROR:process_memory_win.cc(73)] ReadMemory at 0x282be677790 of 126 bytes failed: Only part of a ReadProcessMemory or WriteProcessMemory request was completed. (0x12B)
[0520/163052.583:ERROR:process_memory_win.cc(73)] ReadMemory at 0x282be677b70 of 132 bytes failed: Only part of a ReadProcessMemory or WriteProcessMemory request was completed. (0x12B)
[0520/163052.583:ERROR:process_memory_win.cc(73)] ReadMemory at 0x282be677d00 of 64 bytes failed: Only part of a ReadProcessMemory or WriteProcessMemory request was completed. (0x12B)
[0520/163052.583:ERROR:process_memory_win.cc(73)] ReadMemory at 0x282be677d50 of 132 bytes failed: Only part of a ReadProcessMemory or WriteProcessMemory request was completed. (0x12B)
[0520/163052.583:ERROR:process_memory_win.cc(73)] ReadMemory at 0x282be677ec0 of 132 bytes failed: Only part of a ReadProcessMemory or WriteProcessMemory request was completed. (0x12B)
[0520/163052.583:ERROR:process_memory_win.cc(73)] ReadMemory at 0x282be678160 of 132 bytes failed: Only part of a ReadProcessMemory or WriteProcessMemory request was completed. (0x12B)
[0520/163052.583:ERROR:process_memory_win.cc(73)] ReadMemory at 0x282be6782f0 of 68 bytes failed: Only part of a ReadProcessMemory or WriteProcessMemory request was completed. (0x12B)
[0520/163052.583:ERROR:process_memory_win.cc(73)] ReadMemory at 0x282be6793c0 of 132 bytes failed: Only part of a ReadProcessMemory or WriteProcessMemory request was completed. (0x12B)
[0520/163052.583:ERROR:process_memory_win.cc(73)] ReadMemory at 0x282be679550 of 154 bytes failed: Only part of a ReadProcessMemory or WriteProcessMemory request was completed. (0x12B)
[0520/163052.584:ERROR:process_memory_win.cc(73)] ReadMemory at 0x282be67a290 of 146 bytes failed: Only part of a ReadProcessMemory or WriteProcessMemory request was completed. (0x12B)
[0520/163052.584:ERROR:process_memory_win.cc(73)] ReadMemory at 0x282be67a370 of 132 bytes failed: Only part of a ReadProcessMemory or WriteProcessMemory request was completed. (0x12B)
[0520/163052.584:ERROR:process_memory_win.cc(73)] ReadMemory at 0x282be67bea0 of 62 bytes failed: Only part of a ReadProcessMemory or WriteProcessMemory request was completed. (0x12B)
[0520/163052.584:ERROR:process_memory_win.cc(73)] ReadMemory at 0x282be67bf80 of 60 bytes failed: Only part of a ReadProcessMemory or WriteProcessMemory request was completed. (0x12B)
[0520/163052.584:ERROR:process_memory_win.cc(73)] ReadMemory at 0x282be67c940 of 132 bytes failed: Only part of a ReadProcessMemory or WriteProcessMemory request was completed. (0x12B)
[0520/163052.584:ERROR:process_memory_win.cc(73)] ReadMemory at 0x282be67cb60 of 132 bytes failed: Only part of a ReadProcessMemory or WriteProcessMemory request was completed. (0x12B)
[0520/163052.584:ERROR:process_memory_win.cc(73)] ReadMemory at 0x282be67cd80 of 132 bytes failed: Only part of a ReadProcessMemory or WriteProcessMemory request was completed. (0x12B)
[0520/163052.584:ERROR:process_memory_win.cc(73)] ReadMemory at 0x282be67d0e0 of 132 bytes failed: Only part of a ReadProcessMemory or WriteProcessMemory request was completed. (0x12B)
[0520/163052.633:ERROR:process_memory_win.cc(73)] ReadMemory at 0x282be67d380 of 132 bytes failed: Only part of a ReadProcessMemory or WriteProcessMemory request was completed. (0x12B)
[0520/163052.633:ERROR:process_memory_win.cc(73)] ReadMemory at 0x282be680280 of 64 bytes failed: Only part of a ReadProcessMemory or WriteProcessMemory request was completed. (0x12B)
[0520/163052.633:ERROR:process_memory_win.cc(73)] ReadMemory at 0x282be6802d0 of 64 bytes failed: Only part of a ReadProcessMemory or WriteProcessMemory request was completed. (0x12B)
[0520/163052.633:ERROR:process_memory_win.cc(73)] ReadMemory at 0x282be680370 of 60 bytes failed: Only part of a ReadProcessMemory or WriteProcessMemory request was completed. (0x12B)
[0520/163052.633:ERROR:process_memory_win.cc(73)] ReadMemory at 0x282be680410 of 64 bytes failed: Only part of a ReadProcessMemory or WriteProcessMemory request was completed. (0x12B)
[0520/163052.633:ERROR:process_memory_win.cc(73)] ReadMemory at 0x282be680640 of 64 bytes failed: Only part of a ReadProcessMemory or WriteProcessMemory request was completed. (0x12B)
[0520/163052.633:ERROR:process_memory_win.cc(73)] ReadMemory at 0x282be680690 of 62 bytes failed: Only part of a ReadProcessMemory or WriteProcessMemory request was completed. (0x12B)
[0520/163052.633:ERROR:process_memory_win.cc(73)] ReadMemory at 0x282be6806e0 of 60 bytes failed: Only part of a ReadProcessMemory or WriteProcessMemory request was completed. (0x12B)
[0520/163052.634:ERROR:process_memory_win.cc(73)] ReadMemory at 0x282be680960 of 66 bytes failed: Only part of a ReadProcessMemory or WriteProcessMemory request was completed. (0x12B)
[0520/163052.634:ERROR:process_memory_win.cc(73)] ReadMemory at 0x282be6809b0 of 62 bytes failed: Only part of a ReadProcessMemory or WriteProcessMemory request was completed. (0x12B)
[0520/163052.634:ERROR:process_memory_win.cc(73)] ReadMemory at 0x282be680bd0 of 54 bytes failed: Only part of a ReadProcessMemory or WriteProcessMemory request was completed. (0x12B)
[0520/163052.634:ERROR:process_memory_win.cc(73)] ReadMemory at 0x282be681a50 of 132 bytes failed: Only part of a ReadProcessMemory or WriteProcessMemory request was completed. (0x12B)
[0520/163052.634:ERROR:process_memory_win.cc(73)] ReadMemory at 0x282be6831b0 of 132 bytes failed: Only part of a ReadProcessMemory or WriteProcessMemory request was completed. (0x12B)
[0520/163052.634:ERROR:process_memory_win.cc(73)] ReadMemory at 0x282be6832e0 of 132 bytes failed: Only part of a ReadProcessMemory or WriteProcessMemory request was completed. (0x12B)
[0520/163052.634:ERROR:process_memory_win.cc(73)] ReadMemory at 0x282be683410 of 132 bytes failed: Only part of a ReadProcessMemory or WriteProcessMemory request was completed. (0x12B)
[0520/163052.634:ERROR:process_memory_win.cc(73)] ReadMemory at 0x282be683540 of 132 bytes failed: Only part of a ReadProcessMemory or WriteProcessMemory request was completed. (0x12B)
[0520/163052.634:ERROR:process_memory_win.cc(73)] ReadMemory at 0x282be683670 of 132 bytes failed: Only part of a ReadProcessMemory or WriteProcessMemory request was completed. (0x12B)
[0520/163052.634:ERROR:process_memory_win.cc(73)] ReadMemory at 0x282be6837a0 of 132 bytes failed: Only part of a ReadProcessMemory or WriteProcessMemory request was completed. (0x12B)
[0520/163052.634:ERROR:process_memory_win.cc(73)] ReadMemory at 0x282be6838d0 of 132 bytes failed: Only part of a ReadProcessMemory or WriteProcessMemory request was completed. (0x12B)
[0520/163052.634:ERROR:process_memory_win.cc(73)] ReadMemory at 0x282be683a00 of 132 bytes failed: Only part of a ReadProcessMemory or WriteProcessMemory request was completed. (0x12B)
[0520/163052.634:ERROR:process_memory_win.cc(73)] ReadMemory at 0x282be683b30 of 132 bytes failed: Only part of a ReadProcessMemory or WriteProcessMemory request was completed. (0x12B)
[0520/163052.634:ERROR:process_memory_win.cc(73)] ReadMemory at 0x282be683d90 of 132 bytes failed: Only part of a ReadProcessMemory or WriteProcessMemory request was completed. (0x12B)
[0520/163052.635:ERROR:process_memory_win.cc(73)] ReadMemory at 0x282be683ec0 of 132 bytes failed: Only part of a ReadProcessMemory or WriteProcessMemory request was completed. (0x12B)
[0520/163052.635:ERROR:process_memory_win.cc(73)] ReadMemory at 0x282be683ff0 of 132 bytes failed: Only part of a ReadProcessMemory or WriteProcessMemory request was completed. (0x12B)
[0520/163052.635:ERROR:process_memory_win.cc(73)] ReadMemory at 0x282be685a50 of 132 bytes failed: Only part of a ReadProcessMemory or WriteProcessMemory request was completed. (0x12B)
[0520/163052.635:ERROR:process_memory_win.cc(73)] ReadMemory at 0x282be687330 of 132 bytes failed: Only part of a ReadProcessMemory or WriteProcessMemory request was completed. (0x12B)
[0520/163052.635:ERROR:process_memory_win.cc(73)] ReadMemory at 0x282be689690 of 80 bytes failed: Only part of a ReadProcessMemory or WriteProcessMemory request was completed. (0x12B)
[0520/163052.635:ERROR:process_memory_win.cc(73)] ReadMemory at 0x282be6896f0 of 76 bytes failed: Only part of a ReadProcessMemory or WriteProcessMemory request was completed. (0x12B)
[0520/163052.635:ERROR:process_memory_win.cc(73)] ReadMemory at 0x282be689f20 of 60 bytes failed: Only part of a ReadProcessMemory or WriteProcessMemory request was completed. (0x12B)
[0520/163052.635:ERROR:process_memory_win.cc(73)] ReadMemory at 0x282be68a010 of 60 bytes failed: Only part of a ReadProcessMemory or WriteProcessMemory request was completed. (0x12B)
[0520/163052.635:ERROR:process_memory_win.cc(73)] ReadMemory at 0x282be68a290 of 62 bytes failed: Only part of a ReadProcessMemory or WriteProcessMemory request was completed. (0x12B)
[0520/163052.635:ERROR:process_memory_win.cc(73)] ReadMemory at 0x282be68a330 of 62 bytes failed: Only part of a ReadProcessMemory or WriteProcessMemory request was completed. (0x12B)
[0520/163052.635:ERROR:process_memory_win.cc(73)] ReadMemory at 0x282be68a3d0 of 64 bytes failed: Only part of a ReadProcessMemory or WriteProcessMemory request was completed. (0x12B)
[0520/163052.635:ERROR:process_memory_win.cc(73)] ReadMemory at 0x282be68a420 of 60 bytes failed: Only part of a ReadProcessMemory or WriteProcessMemory request was completed. (0x12B)
[0520/163052.635:ERROR:process_memory_win.cc(73)] ReadMemory at 0x282be68a4c0 of 58 bytes failed: Only part of a ReadProcessMemory or WriteProcessMemory request was completed. (0x12B)
[0520/163052.636:ERROR:process_memory_win.cc(73)] ReadMemory at 0x282be68a510 of 66 bytes failed: Only part of a ReadProcessMemory or WriteProcessMemory request was completed. (0x12B)
[0520/163052.636:ERROR:process_memory_win.cc(73)] ReadMemory at 0x282be68a6f0 of 62 bytes failed: Only part of a ReadProcessMemory or WriteProcessMemory request was completed. (0x12B)
[0520/163052.636:ERROR:process_memory_win.cc(73)] ReadMemory at 0x282be68a7e0 of 62 bytes failed: Only part of a ReadProcessMemory or WriteProcessMemory request was completed. (0x12B)
[0520/163052.636:ERROR:process_memory_win.cc(73)] ReadMemory at 0x282be68a880 of 62 bytes failed: Only part of a ReadProcessMemory or WriteProcessMemory request was completed. (0x12B)
[0520/163052.636:ERROR:process_memory_win.cc(73)] ReadMemory at 0x282be68a920 of 62 bytes failed: Only part of a ReadProcessMemory or WriteProcessMemory request was completed. (0x12B)
[0520/163052.636:ERROR:process_memory_win.cc(73)] ReadMemory at 0x282be68ab50 of 62 bytes failed: Only part of a ReadProcessMemory or WriteProcessMemory request was completed. (0x12B)
[0520/163052.636:ERROR:process_memory_win.cc(73)] ReadMemory at 0x282be68aba0 of 62 bytes failed: Only part of a ReadProcessMemory or WriteProcessMemory request was completed. (0x12B)
[0520/163052.636:ERROR:process_memory_win.cc(73)] ReadMemory at 0x282be68abf0 of 60 bytes failed: Only part of a ReadProcessMemory or WriteProcessMemory request was completed. (0x12B)
[0520/163052.636:ERROR:process_memory_win.cc(73)] ReadMemory at 0x282be68ac40 of 64 bytes failed: Only part of a ReadProcessMemory or WriteProcessMemory request was completed. (0x12B)
[0520/163052.636:ERROR:process_memory_win.cc(73)] ReadMemory at 0x282be68ad30 of 64 bytes failed: Only part of a ReadProcessMemory or WriteProcessMemory request was completed. (0x12B)
[0520/163052.636:ERROR:process_memory_win.cc(73)] ReadMemory at 0x282be68ae70 of 64 bytes failed: Only part of a ReadProcessMemory or WriteProcessMemory request was completed. (0x12B)
[0520/163052.636:ERROR:process_memory_win.cc(73)] ReadMemory at 0x282be68d550 of 132 bytes failed: Only part of a ReadProcessMemory or WriteProcessMemory request was completed. (0x12B)
[0520/163052.636:ERROR:process_memory_win.cc(73)] ReadMemory at 0x282be68e4c0 of 132 bytes failed: Only part of a ReadProcessMemory or WriteProcessMemory request was completed. (0x12B)
[0520/163052.636:ERROR:process_memory_win.cc(73)] ReadMemory at 0x282be68e5f0 of 132 bytes failed: Only part of a ReadProcessMemory or WriteProcessMemory request was completed. (0x12B)
[0520/163052.636:ERROR:process_memory_win.cc(73)] ReadMemory at 0x282be68ebe0 of 132 bytes failed: Only part of a ReadProcessMemory or WriteProcessMemory request was completed. (0x12B)
[0520/163052.637:ERROR:process_memory_win.cc(73)] ReadMemory at 0x282be68f0a0 of 132 bytes failed: Only part of a ReadProcessMemory or WriteProcessMemory request was completed. (0x12B)
[0520/163052.637:ERROR:process_memory_win.cc(73)] ReadMemory at 0x282be68f300 of 132 bytes failed: Only part of a ReadProcessMemory or WriteProcessMemory request was completed. (0x12B)
[0520/163052.637:ERROR:process_memory_win.cc(73)] ReadMemory at 0x282be68f430 of 132 bytes failed: Only part of a ReadProcessMemory or WriteProcessMemory request was completed. (0x12B)
[0520/163052.637:ERROR:process_memory_win.cc(73)] ReadMemory at 0x282be68f560 of 132 bytes failed: Only part of a ReadProcessMemory or WriteProcessMemory request was completed. (0x12B)
[0520/163052.637:ERROR:process_memory_win.cc(73)] ReadMemory at 0x282be68f690 of 132 bytes failed: Only part of a ReadProcessMemory or WriteProcessMemory request was completed. (0x12B)
[0520/163052.637:ERROR:process_memory_win.cc(73)] ReadMemory at 0x282be68f8f0 of 132 bytes failed: Only part of a ReadProcessMemory or WriteProcessMemory request was completed. (0x12B)
[0520/163052.637:ERROR:process_memory_win.cc(73)] ReadMemory at 0x282be68fdb0 of 132 bytes failed: Only part of a ReadProcessMemory or WriteProcessMemory request was completed. (0x12B)
[0520/163052.637:ERROR:process_memory_win.cc(73)] ReadMemory at 0x282be6a6490 of 512 bytes failed: Only part of a ReadProcessMemory or WriteProcessMemory request was completed. (0x12B)
[0520/163052.637:ERROR:process_memory_win.cc(73)] ReadMemory at 0x282be6a7230 of 512 bytes failed: Only part of a ReadProcessMemory or WriteProcessMemory request was completed. (0x12B)
[0520/163052.637:ERROR:process_memory_win.cc(73)] ReadMemory at 0x282be900d00 of 512 bytes failed: Only part of a ReadProcessMemory or WriteProcessMemory request was completed. (0x12B)
[0520/163052.637:ERROR:process_memory_win.cc(73)] ReadMemory at 0x282be9019c0 of 512 bytes failed: Only part of a ReadProcessMemory or WriteProcessMemory request was completed. (0x12B)
[0520/163052.637:ERROR:process_memory_win.cc(73)] ReadMemory at 0x282bea10000 of 384 bytes failed: Only part of a ReadProcessMemory or WriteProcessMemory request was completed. (0x12B)
[0520/163052.638:ERROR:process_memory_win.cc(73)] ReadMemory at 0x282beef7320 of 512 bytes failed: Only part of a ReadProcessMemory or WriteProcessMemory request was completed. (0x12B)
[0520/163052.638:ERROR:process_memory_win.cc(73)] ReadMemory at 0x282bef041d0 of 512 bytes failed: Only part of a ReadProcessMemory or WriteProcessMemory request was completed. (0x12B)
[0520/163052.639:ERROR:process_memory_win.cc(73)] ReadMemory at 0x282bef17e90 of 712 bytes failed: Only part of a ReadProcessMemory or WriteProcessMemory request was completed. (0x12B)
[0520/163052.639:ERROR:process_memory_win.cc(73)] ReadMemory at 0x282c05980a0 of 512 bytes failed: Only part of a ReadProcessMemory or WriteProcessMemory request was completed. (0x12B)
[0520/163052.639:ERROR:process_memory_win.cc(73)] ReadMemory at 0x282c05a3e40 of 512 bytes failed: Only part of a ReadProcessMemory or WriteProcessMemory request was completed. (0x12B)
[0520/163052.639:ERROR:process_memory_win.cc(73)] ReadMemory at 0x282cc2cba30 of 512 bytes failed: Only part of a ReadProcessMemory or WriteProcessMemory request was completed. (0x12B)
[0520/163052.639:ERROR:process_memory_win.cc(73)] ReadMemory at 0x282ccedc960 of 512 bytes failed: Only part of a ReadProcessMemory or WriteProcessMemory request was completed. (0x12B)
[0520/163052.639:ERROR:process_memory_win.cc(73)] ReadMemory at 0x282cff16f50 of 512 bytes failed: Only part of a ReadProcessMemory or WriteProcessMemory request was completed. (0x12B)
[0520/163052.639:ERROR:process_memory_win.cc(73)] ReadMemory at 0x282d2391190 of 800 bytes failed: Only part of a ReadProcessMemory or WriteProcessMemory request was completed. (0x12B)
[0520/163052.639:ERROR:process_memory_win.cc(73)] ReadMemory at 0x282d83055e0 of 512 bytes failed: Only part of a ReadProcessMemory or WriteProcessMemory request was completed. (0x12B)
[0520/163052.639:ERROR:process_memory_win.cc(73)] ReadMemory at 0x282e4da3ef0 of 512 bytes failed: Only part of a ReadProcessMemory or WriteProcessMemory request was completed. (0x12B)
[0520/163052.639:ERROR:process_memory_win.cc(73)] ReadMemory at 0x7ffb8e8f7c2b of 512 bytes failed: Only part of a ReadProcessMemory or WriteProcessMemory request was completed. (0x12B)
[0520/163052.639:ERROR:process_memory_win.cc(73)] ReadMemory at 0x7ffb9076b0f5 of 512 bytes failed: Only part of a ReadProcessMemory or WriteProcessMemory request was completed. (0x12B)
[0520/163052.639:ERROR:process_memory_win.cc(73)] ReadMemory at 0x7ffb90fa971c of 512 bytes failed: Only part of a ReadProcessMemory or WriteProcessMemory request was completed. (0x12B)
[0520/163052.639:ERROR:process_memory_win.cc(73)] ReadMemory at 0x7ffb94e6453c of 512 bytes failed: Only part of a ReadProcessMemory or WriteProcessMemory request was completed. (0x12B)
[0520/163052.640:ERROR:process_memory_win.cc(73)] ReadMemory at 0x7ffbc5027a55 of 512 bytes failed: Only part of a ReadProcessMemory or WriteProcessMemory request was completed. (0x12B)
[0520/163052.640:ERROR:process_memory_win.cc(73)] ReadMemory at 0x7ffbc5028245 of 512 bytes failed: Only part of a ReadProcessMemory or WriteProcessMemory request was completed. (0x12B)
[0520/163052.640:ERROR:process_memory_win.cc(73)] ReadMemory at 0x7ffbf355c074 of 672 bytes failed: Only part of a ReadProcessMemory or WriteProcessMemory request was completed. (0x12B)
[0520/163052.640:ERROR:process_memory_win.cc(73)] ReadMemory at 0x7ffbf355f924 of 608 bytes failed: Only part of a ReadProcessMemory or WriteProcessMemory request was completed. (0x12B)
[0520/163052.640:ERROR:process_memory_win.cc(73)] ReadMemory at 0x7ffbf35ec428 of 18 bytes failed: Only part of a ReadProcessMemory or WriteProcessMemory request was completed. (0x12B)
[0520/163052.640:ERROR:process_memory_win.cc(73)] ReadMemory at 0x7ffbf361f4f8 of 40 bytes failed: Only part of a ReadProcessMemory or WriteProcessMemory request was completed. (0x12B)
[0520/163052.640:ERROR:process_memory_win.cc(73)] ReadMemory at 0x7ffbf361f978 of 48 bytes failed: Only part of a ReadProcessMemory or WriteProcessMemory request was completed. (0x12B)
[0520/163052.640:ERROR:process_memory_win.cc(73)] ReadMemory at 0x7ffbf36253c0 of 64 bytes failed: Only part of a ReadProcessMemory or WriteProcessMemory request was completed. (0x12B)
[0520/163052.650:ERROR:scoped_process_suspend.cc(40)] NtResumeProcess: An attempt was made to access an exiting process. (0xc000010a)
[0521/002819.600:ERROR:process_reader_win.cc(151)] SuspendThread: Access is denied. (0x5)
[0521/002819.977:ERROR:process_reader_win.cc(151)] SuspendThread: Access is denied. (0x5)
[0521/002820.150:ERROR:process_reader_win.cc(151)] SuspendThread: Access is denied. (0x5)
[0521/002820.150:ERROR:process_reader_win.cc(151)] SuspendThread: Access is denied. (0x5)
[0521/002820.150:ERROR:process_reader_win.cc(151)] SuspendThread: Access is denied. (0x5)
[0521/002820.150:ERROR:process_reader_win.cc(151)] SuspendThread: Access is denied. (0x5)
[0521/002820.150:ERROR:process_reader_win.cc(151)] SuspendThread: Access is denied. (0x5)
[0521/002820.150:ERROR:process_reader_win.cc(123)] NtOpenThread: {Access Denied} A process has requested access to an object, but has not been granted those access rights. (0xc0000022)
[0521/002820.150:ERROR:process_reader_win.cc(151)] SuspendThread: Access is denied. (0x5)
[0521/002820.150:ERROR:process_reader_win.cc(151)] SuspendThread: Access is denied. (0x5)
[0521/002820.150:ERROR:process_reader_win.cc(151)] SuspendThread: Access is denied. (0x5)
[0521/002820.150:ERROR:exception_snapshot_win.cc(98)] thread ID 18720 not found in process
[0521/002820.150:ERROR:process_reader_win.cc(151)] SuspendThread: Access is denied. (0x5)
[0521/002820.150:ERROR:process_reader_win.cc(151)] SuspendThread: Access is denied. (0x5)
[0521/002820.150:ERROR:process_reader_win.cc(151)] SuspendThread: Access is denied. (0x5)
[0521/002820.151:ERROR:process_reader_win.cc(151)] SuspendThread: Access is denied. (0x5)
[0521/002820.151:ERROR:process_reader_win.cc(123)] NtOpenThread: {Access Denied} A process has requested access to an object, but has not been granted those access rights. (0xc0000022)
[0521/002820.151:ERROR:exception_snapshot_win.cc(98)] thread ID 15200 not found in process
[0521/002820.605:ERROR:process_reader_win.cc(123)] NtOpenThread: {Access Denied} A process has requested access to an object, but has not been granted those access rights. (0xc0000022)
[0521/002820.605:ERROR:exception_snapshot_win.cc(98)] thread ID 17856 not found in process
[0521/002820.622:ERROR:process_reader_win.cc(123)] NtOpenThread: {Access Denied} A process has requested access to an object, but has not been granted those access rights. (0xc0000022)
[0521/002820.622:ERROR:exception_snapshot_win.cc(98)] thread ID 30912 not found in process
[0521/002820.701:ERROR:process_reader_win.cc(123)] NtOpenThread: {Access Denied} A process has requested access to an object, but has not been granted those access rights. (0xc0000022)
[0521/002820.701:ERROR:exception_snapshot_win.cc(98)] thread ID 36084 not found in process
[0521/002820.728:ERROR:process_reader_win.cc(123)] NtOpenThread: {Access Denied} A process has requested access to an object, but has not been granted those access rights. (0xc0000022)
[0521/002820.728:ERROR:exception_snapshot_win.cc(98)] thread ID 18840 not found in process
[0521/002820.928:ERROR:process_reader_win.cc(123)] NtOpenThread: {Access Denied} A process has requested access to an object, but has not been granted those access rights. (0xc0000022)
[0521/002820.928:ERROR:exception_snapshot_win.cc(98)] thread ID 10984 not found in process
[0521/002820.960:ERROR:process_reader_win.cc(123)] NtOpenThread: {Access Denied} A process has requested access to an object, but has not been granted those access rights. (0xc0000022)
[0521/002820.960:ERROR:exception_snapshot_win.cc(98)] thread ID 33456 not found in process
